-------------------------------------------------------------------------------
Test set: com.company.minibank.minibankapplication.MiniBankApplicationTests
-------------------------------------------------------------------------------
Tests run: 1, Failures: 0, Errors: 1, Skipped: 0, Time elapsed: 9.437 s <<< FAILURE! - in com.company.minibank.minibankapplication.MiniBankApplicationTests
contextLoads  Time elapsed: 0.002 s  <<< ERROR!
java.lang.IllegalStateException: Failed to load ApplicationContext
Caused by: org.springframework.beans.factory.UnsatisfiedDependencyException: Error creating bean with name 'customerController' defined in file [C:\Workspace\MiniBankApplication\target\classes\com\company\minibank\minibankapplication\controller\CustomerController.class]: Unsatisfied dependency expressed through constructor parameter 0; nested exception is org.springframework.beans.factory.UnsatisfiedDependencyException: Error creating bean with name 'customerServiceImpl' defined in file [C:\Workspace\MiniBankApplication\target\classes\com\company\minibank\minibankapplication\service\impl\CustomerServiceImpl.class]: Unsatisfied dependency expressed through constructor parameter 1; nested exception is org.springframework.beans.factory.NoSuchBeanDefinitionException: No qualifying bean of type 'com.company.minibank.minibankapplication.mapper.CustomerMapper' available: expected at least 1 bean which qualifies as autowire candidate. Dependency annotations: {}
Caused by: org.springframework.beans.factory.UnsatisfiedDependencyException: Error creating bean with name 'customerServiceImpl' defined in file [C:\Workspace\MiniBankApplication\target\classes\com\company\minibank\minibankapplication\service\impl\CustomerServiceImpl.class]: Unsatisfied dependency expressed through constructor parameter 1; nested exception is org.springframework.beans.factory.NoSuchBeanDefinitionException: No qualifying bean of type 'com.company.minibank.minibankapplication.mapper.CustomerMapper' available: expected at least 1 bean which qualifies as autowire candidate. Dependency annotations: {}
Caused by: org.springframework.beans.factory.NoSuchBeanDefinitionException: No qualifying bean of type 'com.company.minibank.minibankapplication.mapper.CustomerMapper' available: expected at least 1 bean which qualifies as autowire candidate. Dependency annotations: {}

